[2025-12-24 16:35:16] [INFO ] org.springframework.test.context.support.DefaultTestContextBootstrapper - Loaded default TestExecutionListener class names from location [META-INF/spring.factories]: [org.springframework.test.context.web.ServletTestExecutionListener, org.springframework.test.context.support.DirtiesContextBeforeModesTestExecutionListener, org.springframework.test.context.event.ApplicationEventsTestExecutionListener, org.springframework.test.context.support.DependencyInjectionTestExecutionListener, org.springframework.test.context.support.DirtiesContextTestExecutionListener, org.springframework.test.context.transaction.TransactionalTestExecutionListener, org.springframework.test.context.jdbc.SqlScriptsTestExecutionListener, org.springframework.test.context.event.EventPublishingTestExecutionListener]
[2025-12-24 16:35:16] [INFO ] org.springframework.test.context.support.DefaultTestContextBootstrapper - Using TestExecutionListeners: [org.springframework.test.context.web.ServletTestExecutionListener@5c7933ad, org.springframework.test.context.support.DirtiesContextBeforeModesTestExecutionListener@57bc27f5, org.springframework.test.context.event.ApplicationEventsTestExecutionListener@5fb759d6, org.springframework.test.context.support.DependencyInjectionTestExecutionListener@4b8d604b, org.springframework.test.context.support.DirtiesContextTestExecutionListener@5e7cd6cc, org.springframework.test.context.transaction.TransactionalTestExecutionListener@68c9d179, org.springframework.test.context.jdbc.SqlScriptsTestExecutionListener@d554c5f, org.springframework.test.context.event.EventPublishingTestExecutionListener@2dfaea86]
[2025-12-24 16:35:16] [DEBUG] org.mybatis.spring.mapper.ClassPathMapperScanner - Identified candidate component class: file [D:\ACON_20250916\03_SPRING\workspace\doc5\target\classes\com\project\doc5\mapper\CartMapper.class]
[2025-12-24 16:35:16] [DEBUG] org.mybatis.spring.mapper.ClassPathMapperScanner - Identified candidate component class: file [D:\ACON_20250916\03_SPRING\workspace\doc5\target\classes\com\project\doc5\mapper\MenuMapper.class]
[2025-12-24 16:35:16] [DEBUG] org.mybatis.spring.mapper.ClassPathMapperScanner - Identified candidate component class: file [D:\ACON_20250916\03_SPRING\workspace\doc5\target\classes\com\project\doc5\mapper\UserMapper.class]
[2025-12-24 16:35:16] [DEBUG] org.mybatis.spring.mapper.ClassPathMapperScanner - Creating MapperFactoryBean with name 'cartMapper' and 'com.project.doc5.mapper.CartMapper' mapperInterface
[2025-12-24 16:35:16] [DEBUG] org.mybatis.spring.mapper.ClassPathMapperScanner - Enabling autowire by type for MapperFactoryBean with name 'cartMapper'.
[2025-12-24 16:35:16] [DEBUG] org.mybatis.spring.mapper.ClassPathMapperScanner - Creating MapperFactoryBean with name 'menuMapper' and 'com.project.doc5.mapper.MenuMapper' mapperInterface
[2025-12-24 16:35:16] [DEBUG] org.mybatis.spring.mapper.ClassPathMapperScanner - Enabling autowire by type for MapperFactoryBean with name 'menuMapper'.
[2025-12-24 16:35:16] [DEBUG] org.mybatis.spring.mapper.ClassPathMapperScanner - Creating MapperFactoryBean with name 'userMapper' and 'com.project.doc5.mapper.UserMapper' mapperInterface
[2025-12-24 16:35:16] [DEBUG] org.mybatis.spring.mapper.ClassPathMapperScanner - Enabling autowire by type for MapperFactoryBean with name 'userMapper'.
[2025-12-24 16:35:16] [DEBUG] org.mybatis.spring.SqlSessionFactoryBean - Parsed configuration file: 'class path resource [mybatis-config.xml]'
[2025-12-24 16:35:16] [DEBUG] org.mybatis.spring.SqlSessionFactoryBean - Parsed mapper file: 'file [D:\ACON_20250916\03_SPRING\workspace\doc5\target\classes\mapper\cart\cartMapper.xml]'
[2025-12-24 16:35:16] [DEBUG] org.mybatis.spring.SqlSessionFactoryBean - Parsed mapper file: 'file [D:\ACON_20250916\03_SPRING\workspace\doc5\target\classes\mapper\cmn\menuMapper.xml]'
[2025-12-24 16:35:16] [DEBUG] org.mybatis.spring.SqlSessionFactoryBean - Parsed mapper file: 'file [D:\ACON_20250916\03_SPRING\workspace\doc5\target\classes\mapper\user\userMapper.xml]'
[2025-12-24 16:35:17] [DEBUG] com.project.doc5.user.controller.UserController - ┌──────────────────────────┐
[2025-12-24 16:35:17] [DEBUG] com.project.doc5.user.controller.UserController - │UserController()          │
[2025-12-24 16:35:17] [DEBUG] com.project.doc5.user.controller.UserController - └──────────────────────────┘
[2025-12-24 16:35:17] [DEBUG] com.project.doc5.user.service.UserServicelmpl - ┌──────────────────────────┐
[2025-12-24 16:35:17] [DEBUG] com.project.doc5.user.service.UserServicelmpl - │UserServicelmpl()         │
[2025-12-24 16:35:17] [DEBUG] com.project.doc5.user.service.UserServicelmpl - └──────────────────────────┘
[2025-12-24 16:35:17] [DEBUG] com.project.doc5.user.UserDaoTest - ┌──────────────────────────┐
[2025-12-24 16:35:17] [DEBUG] com.project.doc5.user.UserDaoTest - │──setup───────────────────│
[2025-12-24 16:35:17] [DEBUG] com.project.doc5.user.UserDaoTest - └──────────────────────────┘
[2025-12-24 16:35:17] [DEBUG] com.project.doc5.user.UserDaoTest - loginUser : UserVO [userId=test1@doc5.com, password=4321a, name=null, phone=null, grade=null, regDt=null, modDt=null, privacyDt=null]
[2025-12-24 16:35:17] [DEBUG] org.mybatis.spring.SqlSessionUtils - Creating a new SqlSession
[2025-12-24 16:35:17] [DEBUG] org.mybatis.spring.SqlSessionUtils - SqlSession [org.apache.ibatis.session.defaults.DefaultSqlSession@1931d99] was not registered for synchronization because synchronization is not active
[2025-12-24 16:35:17] [INFO ] com.zaxxer.hikari.HikariDataSource - HikariPool-1 - Starting...
[2025-12-24 16:35:17] [WARN ] com.zaxxer.hikari.util.DriverDataSource - Registered driver with driverClassName=oracle.jdbc.driver.OracleDriver was not found, trying direct instantiation.
[2025-12-24 16:35:17] [INFO ] com.zaxxer.hikari.HikariDataSource - HikariPool-1 - Start completed.
[2025-12-24 16:35:17] [DEBUG] org.mybatis.spring.transaction.SpringManagedTransaction - JDBC Connection [HikariProxyConnection@596376940 wrapping oracle.jdbc.driver.T4CConnection@f1a45f8] will not be managed by Spring
[2025-12-24 16:35:17] [DEBUG] com.project.doc5.mapper.UserMapper.doUserLogin - ==>  Preparing: SELECT user_id, name, password, phone, DECODE(grade,1,'BASIC', 2, 'SILVER', 3, 'GOLD') grade, TO_CHAR(reg_dt,'YYYY/MM/DD HH24:MI:SS') AS reg_dt, TO_CHAR(privacy_dt,'YYYY/MM/DD HH24:MI:SS') AS privacy_dt FROM doc5_member WHERE user_id = ? AND password = ?
[2025-12-24 16:35:17] [DEBUG] com.project.doc5.mapper.UserMapper.doUserLogin - ==> Parameters: test1@doc5.com(String), 4321a(String)
[2025-12-24 16:35:17] [DEBUG] com.project.doc5.mapper.UserMapper.doUserLogin - <==      Total: 1
[2025-12-24 16:35:17] [DEBUG] org.mybatis.spring.SqlSessionUtils - Closing non transactional SqlSession [org.apache.ibatis.session.defaults.DefaultSqlSession@1931d99]
[2025-12-24 16:35:17] [DEBUG] com.project.doc5.user.UserDaoTest - userCheckVO : UserVO [userId=test1@doc5.com, password=4321a, name=이상무1, phone=010-0000-0000, grade=SILVER, regDt=2025/12/19 00:34:06, modDt=null, privacyDt=2025/12/20 00:34:06]
[2025-12-24 16:35:17] [DEBUG] com.project.doc5.user.UserDaoTest - ┌──────────────────────────┐
[2025-12-24 16:35:17] [DEBUG] com.project.doc5.user.UserDaoTest - │─doSelectOne()            │
[2025-12-24 16:35:17] [DEBUG] com.project.doc5.user.UserDaoTest - └──────────────────────────┘
[2025-12-24 16:35:17] [INFO ] com.zaxxer.hikari.HikariDataSource - HikariPool-1 - Shutdown initiated...
[2025-12-24 16:35:17] [INFO ] com.zaxxer.hikari.HikariDataSource - HikariPool-1 - Shutdown completed.
[2025-12-24 16:39:19] [INFO ] org.springframework.test.context.support.DefaultTestContextBootstrapper - Loaded default TestExecutionListener class names from location [META-INF/spring.factories]: [org.springframework.test.context.web.ServletTestExecutionListener, org.springframework.test.context.support.DirtiesContextBeforeModesTestExecutionListener, org.springframework.test.context.event.ApplicationEventsTestExecutionListener, org.springframework.test.context.support.DependencyInjectionTestExecutionListener, org.springframework.test.context.support.DirtiesContextTestExecutionListener, org.springframework.test.context.transaction.TransactionalTestExecutionListener, org.springframework.test.context.jdbc.SqlScriptsTestExecutionListener, org.springframework.test.context.event.EventPublishingTestExecutionListener]
[2025-12-24 16:39:19] [INFO ] org.springframework.test.context.support.DefaultTestContextBootstrapper - Using TestExecutionListeners: [org.springframework.test.context.web.ServletTestExecutionListener@48e1f6c7, org.springframework.test.context.support.DirtiesContextBeforeModesTestExecutionListener@55cb6996, org.springframework.test.context.event.ApplicationEventsTestExecutionListener@1807e3f6, org.springframework.test.context.support.DependencyInjectionTestExecutionListener@480d3575, org.springframework.test.context.support.DirtiesContextTestExecutionListener@f1da57d, org.springframework.test.context.transaction.TransactionalTestExecutionListener@194fad1, org.springframework.test.context.jdbc.SqlScriptsTestExecutionListener@26abb146, org.springframework.test.context.event.EventPublishingTestExecutionListener@72c8e7b]
[2025-12-24 16:39:19] [DEBUG] org.mybatis.spring.mapper.ClassPathMapperScanner - Identified candidate component class: file [D:\ACON_20250916\03_SPRING\workspace\doc5\target\classes\com\project\doc5\mapper\CartMapper.class]
[2025-12-24 16:39:19] [DEBUG] org.mybatis.spring.mapper.ClassPathMapperScanner - Identified candidate component class: file [D:\ACON_20250916\03_SPRING\workspace\doc5\target\classes\com\project\doc5\mapper\MenuMapper.class]
[2025-12-24 16:39:19] [DEBUG] org.mybatis.spring.mapper.ClassPathMapperScanner - Identified candidate component class: file [D:\ACON_20250916\03_SPRING\workspace\doc5\target\classes\com\project\doc5\mapper\UserMapper.class]
[2025-12-24 16:39:19] [DEBUG] org.mybatis.spring.mapper.ClassPathMapperScanner - Creating MapperFactoryBean with name 'cartMapper' and 'com.project.doc5.mapper.CartMapper' mapperInterface
[2025-12-24 16:39:19] [DEBUG] org.mybatis.spring.mapper.ClassPathMapperScanner - Enabling autowire by type for MapperFactoryBean with name 'cartMapper'.
[2025-12-24 16:39:19] [DEBUG] org.mybatis.spring.mapper.ClassPathMapperScanner - Creating MapperFactoryBean with name 'menuMapper' and 'com.project.doc5.mapper.MenuMapper' mapperInterface
[2025-12-24 16:39:19] [DEBUG] org.mybatis.spring.mapper.ClassPathMapperScanner - Enabling autowire by type for MapperFactoryBean with name 'menuMapper'.
[2025-12-24 16:39:19] [DEBUG] org.mybatis.spring.mapper.ClassPathMapperScanner - Creating MapperFactoryBean with name 'userMapper' and 'com.project.doc5.mapper.UserMapper' mapperInterface
[2025-12-24 16:39:19] [DEBUG] org.mybatis.spring.mapper.ClassPathMapperScanner - Enabling autowire by type for MapperFactoryBean with name 'userMapper'.
[2025-12-24 16:39:20] [DEBUG] org.mybatis.spring.SqlSessionFactoryBean - Parsed configuration file: 'class path resource [mybatis-config.xml]'
[2025-12-24 16:39:20] [DEBUG] org.mybatis.spring.SqlSessionFactoryBean - Parsed mapper file: 'file [D:\ACON_20250916\03_SPRING\workspace\doc5\target\classes\mapper\cart\cartMapper.xml]'
[2025-12-24 16:39:20] [DEBUG] org.mybatis.spring.SqlSessionFactoryBean - Parsed mapper file: 'file [D:\ACON_20250916\03_SPRING\workspace\doc5\target\classes\mapper\cmn\menuMapper.xml]'
[2025-12-24 16:39:20] [DEBUG] org.mybatis.spring.SqlSessionFactoryBean - Parsed mapper file: 'file [D:\ACON_20250916\03_SPRING\workspace\doc5\target\classes\mapper\user\userMapper.xml]'
[2025-12-24 16:39:20] [DEBUG] com.project.doc5.user.controller.UserController - ┌──────────────────────────┐
[2025-12-24 16:39:20] [DEBUG] com.project.doc5.user.controller.UserController - │UserController()          │
[2025-12-24 16:39:20] [DEBUG] com.project.doc5.user.controller.UserController - └──────────────────────────┘
[2025-12-24 16:39:20] [DEBUG] com.project.doc5.user.service.UserServicelmpl - ┌──────────────────────────┐
[2025-12-24 16:39:20] [DEBUG] com.project.doc5.user.service.UserServicelmpl - │UserServicelmpl()         │
[2025-12-24 16:39:20] [DEBUG] com.project.doc5.user.service.UserServicelmpl - └──────────────────────────┘
[2025-12-24 16:39:20] [DEBUG] com.project.doc5.user.UserDaoTest - ┌──────────────────────────┐
[2025-12-24 16:39:20] [DEBUG] com.project.doc5.user.UserDaoTest - │──setup───────────────────│
[2025-12-24 16:39:20] [DEBUG] com.project.doc5.user.UserDaoTest - └──────────────────────────┘
[2025-12-24 16:39:20] [DEBUG] org.mybatis.spring.SqlSessionUtils - Creating a new SqlSession
[2025-12-24 16:39:20] [DEBUG] org.mybatis.spring.SqlSessionUtils - SqlSession [org.apache.ibatis.session.defaults.DefaultSqlSession@ec1b2e4] was not registered for synchronization because synchronization is not active
[2025-12-24 16:39:20] [INFO ] com.zaxxer.hikari.HikariDataSource - HikariPool-1 - Starting...
[2025-12-24 16:39:20] [WARN ] com.zaxxer.hikari.util.DriverDataSource - Registered driver with driverClassName=oracle.jdbc.driver.OracleDriver was not found, trying direct instantiation.
[2025-12-24 16:39:20] [INFO ] com.zaxxer.hikari.HikariDataSource - HikariPool-1 - Start completed.
[2025-12-24 16:39:20] [DEBUG] org.mybatis.spring.transaction.SpringManagedTransaction - JDBC Connection [HikariProxyConnection@1041735841 wrapping oracle.jdbc.driver.T4CConnection@1ffcf674] will not be managed by Spring
[2025-12-24 16:39:20] [DEBUG] com.project.doc5.mapper.UserMapper.deleteAll - ==>  Preparing: DELETE FROM doc5_member
[2025-12-24 16:39:20] [DEBUG] com.project.doc5.mapper.UserMapper.deleteAll - ==> Parameters: 
[2025-12-24 16:39:21] [DEBUG] com.project.doc5.mapper.UserMapper.deleteAll - <==    Updates: 1002
[2025-12-24 16:39:21] [DEBUG] org.mybatis.spring.SqlSessionUtils - Closing non transactional SqlSession [org.apache.ibatis.session.defaults.DefaultSqlSession@ec1b2e4]
[2025-12-24 16:39:21] [DEBUG] org.mybatis.spring.SqlSessionUtils - Creating a new SqlSession
[2025-12-24 16:39:21] [DEBUG] org.mybatis.spring.SqlSessionUtils - SqlSession [org.apache.ibatis.session.defaults.DefaultSqlSession@4195105b] was not registered for synchronization because synchronization is not active
[2025-12-24 16:39:21] [DEBUG] org.mybatis.spring.transaction.SpringManagedTransaction - JDBC Connection [HikariProxyConnection@281049997 wrapping oracle.jdbc.driver.T4CConnection@1ffcf674] will not be managed by Spring
[2025-12-24 16:39:21] [DEBUG] com.project.doc5.mapper.UserMapper.getCount - ==>  Preparing: SELECT COUNT(*) AS CNT FROM doc5_member
[2025-12-24 16:39:21] [DEBUG] com.project.doc5.mapper.UserMapper.getCount - ==> Parameters: 
[2025-12-24 16:39:21] [DEBUG] com.project.doc5.mapper.UserMapper.getCount - <==      Total: 1
[2025-12-24 16:39:21] [DEBUG] org.mybatis.spring.SqlSessionUtils - Closing non transactional SqlSession [org.apache.ibatis.session.defaults.DefaultSqlSession@4195105b]
[2025-12-24 16:39:21] [DEBUG] org.mybatis.spring.SqlSessionUtils - Creating a new SqlSession
[2025-12-24 16:39:21] [DEBUG] org.mybatis.spring.SqlSessionUtils - SqlSession [org.apache.ibatis.session.defaults.DefaultSqlSession@518bfd90] was not registered for synchronization because synchronization is not active
[2025-12-24 16:39:21] [DEBUG] org.mybatis.spring.transaction.SpringManagedTransaction - JDBC Connection [HikariProxyConnection@830083467 wrapping oracle.jdbc.driver.T4CConnection@1ffcf674] will not be managed by Spring
[2025-12-24 16:39:21] [DEBUG] com.project.doc5.mapper.UserMapper.saveAll - ==>  Preparing: INSERT INTO doc5_member SELECT 'doc5_'||level||'@doc5.com' AS user_id, 'doc5_010' AS password, '이상무'||level AS name, '010-0000-0000' AS phone, MOD(level,3)+1 AS grade, SYSDATE - level AS reg_dt, NULL, SYSDATE FROM dual CONNECT BY LEVEL <=102
[2025-12-24 16:39:21] [DEBUG] com.project.doc5.mapper.UserMapper.saveAll - ==> Parameters: 
[2025-12-24 16:39:21] [DEBUG] com.project.doc5.mapper.UserMapper.saveAll - <==    Updates: 102
[2025-12-24 16:39:21] [DEBUG] org.mybatis.spring.SqlSessionUtils - Closing non transactional SqlSession [org.apache.ibatis.session.defaults.DefaultSqlSession@518bfd90]
[2025-12-24 16:39:21] [DEBUG] org.mybatis.spring.SqlSessionUtils - Creating a new SqlSession
[2025-12-24 16:39:21] [DEBUG] org.mybatis.spring.SqlSessionUtils - SqlSession [org.apache.ibatis.session.defaults.DefaultSqlSession@56dfab87] was not registered for synchronization because synchronization is not active
[2025-12-24 16:39:21] [DEBUG] org.mybatis.spring.transaction.SpringManagedTransaction - JDBC Connection [HikariProxyConnection@1901824111 wrapping oracle.jdbc.driver.T4CConnection@1ffcf674] will not be managed by Spring
[2025-12-24 16:39:21] [DEBUG] com.project.doc5.mapper.UserMapper.getCount - ==>  Preparing: SELECT COUNT(*) AS CNT FROM doc5_member
[2025-12-24 16:39:21] [DEBUG] com.project.doc5.mapper.UserMapper.getCount - ==> Parameters: 
[2025-12-24 16:39:21] [DEBUG] com.project.doc5.mapper.UserMapper.getCount - <==      Total: 1
[2025-12-24 16:39:21] [DEBUG] org.mybatis.spring.SqlSessionUtils - Closing non transactional SqlSession [org.apache.ibatis.session.defaults.DefaultSqlSession@56dfab87]
[2025-12-24 16:39:21] [DEBUG] com.project.doc5.user.UserDaoTest - ┌──────────────────────────┐
[2025-12-24 16:39:21] [DEBUG] com.project.doc5.user.UserDaoTest - │─doSelectOne()            │
[2025-12-24 16:39:21] [DEBUG] com.project.doc5.user.UserDaoTest - └──────────────────────────┘
[2025-12-24 16:39:21] [INFO ] com.zaxxer.hikari.HikariDataSource - HikariPool-1 - Shutdown initiated...
[2025-12-24 16:39:21] [INFO ] com.zaxxer.hikari.HikariDataSource - HikariPool-1 - Shutdown completed.
[2025-12-24 16:40:26] [INFO ] org.springframework.test.context.support.DefaultTestContextBootstrapper - Loaded default TestExecutionListener class names from location [META-INF/spring.factories]: [org.springframework.test.context.web.ServletTestExecutionListener, org.springframework.test.context.support.DirtiesContextBeforeModesTestExecutionListener, org.springframework.test.context.event.ApplicationEventsTestExecutionListener, org.springframework.test.context.support.DependencyInjectionTestExecutionListener, org.springframework.test.context.support.DirtiesContextTestExecutionListener, org.springframework.test.context.transaction.TransactionalTestExecutionListener, org.springframework.test.context.jdbc.SqlScriptsTestExecutionListener, org.springframework.test.context.event.EventPublishingTestExecutionListener]
[2025-12-24 16:40:26] [INFO ] org.springframework.test.context.support.DefaultTestContextBootstrapper - Using TestExecutionListeners: [org.springframework.test.context.web.ServletTestExecutionListener@48e1f6c7, org.springframework.test.context.support.DirtiesContextBeforeModesTestExecutionListener@55cb6996, org.springframework.test.context.event.ApplicationEventsTestExecutionListener@1807e3f6, org.springframework.test.context.support.DependencyInjectionTestExecutionListener@480d3575, org.springframework.test.context.support.DirtiesContextTestExecutionListener@f1da57d, org.springframework.test.context.transaction.TransactionalTestExecutionListener@194fad1, org.springframework.test.context.jdbc.SqlScriptsTestExecutionListener@26abb146, org.springframework.test.context.event.EventPublishingTestExecutionListener@72c8e7b]
[2025-12-24 16:40:27] [DEBUG] org.mybatis.spring.mapper.ClassPathMapperScanner - Identified candidate component class: file [D:\ACON_20250916\03_SPRING\workspace\doc5\target\classes\com\project\doc5\mapper\CartMapper.class]
[2025-12-24 16:40:27] [DEBUG] org.mybatis.spring.mapper.ClassPathMapperScanner - Identified candidate component class: file [D:\ACON_20250916\03_SPRING\workspace\doc5\target\classes\com\project\doc5\mapper\MenuMapper.class]
[2025-12-24 16:40:27] [DEBUG] org.mybatis.spring.mapper.ClassPathMapperScanner - Identified candidate component class: file [D:\ACON_20250916\03_SPRING\workspace\doc5\target\classes\com\project\doc5\mapper\UserMapper.class]
[2025-12-24 16:40:27] [DEBUG] org.mybatis.spring.mapper.ClassPathMapperScanner - Creating MapperFactoryBean with name 'cartMapper' and 'com.project.doc5.mapper.CartMapper' mapperInterface
[2025-12-24 16:40:27] [DEBUG] org.mybatis.spring.mapper.ClassPathMapperScanner - Enabling autowire by type for MapperFactoryBean with name 'cartMapper'.
[2025-12-24 16:40:27] [DEBUG] org.mybatis.spring.mapper.ClassPathMapperScanner - Creating MapperFactoryBean with name 'menuMapper' and 'com.project.doc5.mapper.MenuMapper' mapperInterface
[2025-12-24 16:40:27] [DEBUG] org.mybatis.spring.mapper.ClassPathMapperScanner - Enabling autowire by type for MapperFactoryBean with name 'menuMapper'.
[2025-12-24 16:40:27] [DEBUG] org.mybatis.spring.mapper.ClassPathMapperScanner - Creating MapperFactoryBean with name 'userMapper' and 'com.project.doc5.mapper.UserMapper' mapperInterface
[2025-12-24 16:40:27] [DEBUG] org.mybatis.spring.mapper.ClassPathMapperScanner - Enabling autowire by type for MapperFactoryBean with name 'userMapper'.
[2025-12-24 16:40:27] [DEBUG] org.mybatis.spring.SqlSessionFactoryBean - Parsed configuration file: 'class path resource [mybatis-config.xml]'
[2025-12-24 16:40:27] [DEBUG] org.mybatis.spring.SqlSessionFactoryBean - Parsed mapper file: 'file [D:\ACON_20250916\03_SPRING\workspace\doc5\target\classes\mapper\cart\cartMapper.xml]'
[2025-12-24 16:40:27] [DEBUG] org.mybatis.spring.SqlSessionFactoryBean - Parsed mapper file: 'file [D:\ACON_20250916\03_SPRING\workspace\doc5\target\classes\mapper\cmn\menuMapper.xml]'
[2025-12-24 16:40:27] [DEBUG] org.mybatis.spring.SqlSessionFactoryBean - Parsed mapper file: 'file [D:\ACON_20250916\03_SPRING\workspace\doc5\target\classes\mapper\user\userMapper.xml]'
[2025-12-24 16:40:27] [DEBUG] com.project.doc5.user.controller.UserController - ┌──────────────────────────┐
[2025-12-24 16:40:27] [DEBUG] com.project.doc5.user.controller.UserController - │UserController()          │
[2025-12-24 16:40:27] [DEBUG] com.project.doc5.user.controller.UserController - └──────────────────────────┘
[2025-12-24 16:40:27] [DEBUG] com.project.doc5.user.service.UserServicelmpl - ┌──────────────────────────┐
[2025-12-24 16:40:27] [DEBUG] com.project.doc5.user.service.UserServicelmpl - │UserServicelmpl()         │
[2025-12-24 16:40:27] [DEBUG] com.project.doc5.user.service.UserServicelmpl - └──────────────────────────┘
[2025-12-24 16:40:27] [DEBUG] com.project.doc5.user.UserDaoTest - ┌──────────────────────────┐
[2025-12-24 16:40:27] [DEBUG] com.project.doc5.user.UserDaoTest - │──setup───────────────────│
[2025-12-24 16:40:27] [DEBUG] com.project.doc5.user.UserDaoTest - └──────────────────────────┘
[2025-12-24 16:40:27] [DEBUG] com.project.doc5.user.UserDaoTest - loginUser : UserVO [userId=doc5_1@doc5.com, password=doc5_010, name=null, phone=null, grade=null, regDt=null, modDt=null, privacyDt=null]
[2025-12-24 16:40:27] [DEBUG] org.mybatis.spring.SqlSessionUtils - Creating a new SqlSession
[2025-12-24 16:40:27] [DEBUG] org.mybatis.spring.SqlSessionUtils - SqlSession [org.apache.ibatis.session.defaults.DefaultSqlSession@de88ac6] was not registered for synchronization because synchronization is not active
[2025-12-24 16:40:27] [INFO ] com.zaxxer.hikari.HikariDataSource - HikariPool-1 - Starting...
[2025-12-24 16:40:27] [WARN ] com.zaxxer.hikari.util.DriverDataSource - Registered driver with driverClassName=oracle.jdbc.driver.OracleDriver was not found, trying direct instantiation.
[2025-12-24 16:40:28] [INFO ] com.zaxxer.hikari.HikariDataSource - HikariPool-1 - Start completed.
[2025-12-24 16:40:28] [DEBUG] org.mybatis.spring.transaction.SpringManagedTransaction - JDBC Connection [HikariProxyConnection@1613424566 wrapping oracle.jdbc.driver.T4CConnection@724c5cbe] will not be managed by Spring
[2025-12-24 16:40:28] [DEBUG] com.project.doc5.mapper.UserMapper.doUserLogin - ==>  Preparing: SELECT user_id, name, password, phone, DECODE(grade,1,'BASIC', 2, 'SILVER', 3, 'GOLD') grade, TO_CHAR(reg_dt,'YYYY/MM/DD HH24:MI:SS') AS reg_dt, TO_CHAR(privacy_dt,'YYYY/MM/DD HH24:MI:SS') AS privacy_dt FROM doc5_member WHERE user_id = ? AND password = ?
[2025-12-24 16:40:28] [DEBUG] com.project.doc5.mapper.UserMapper.doUserLogin - ==> Parameters: doc5_1@doc5.com(String), doc5_010(String)
[2025-12-24 16:40:28] [DEBUG] com.project.doc5.mapper.UserMapper.doUserLogin - <==      Total: 1
[2025-12-24 16:40:28] [DEBUG] org.mybatis.spring.SqlSessionUtils - Closing non transactional SqlSession [org.apache.ibatis.session.defaults.DefaultSqlSession@de88ac6]
[2025-12-24 16:40:28] [DEBUG] com.project.doc5.user.UserDaoTest - userCheckVO : UserVO [userId=doc5_1@doc5.com, password=doc5_010, name=이상무1, phone=010-0000-0000, grade=SILVER, regDt=2025/12/23 16:39:20, modDt=null, privacyDt=2025/12/24 16:39:20]
[2025-12-24 16:40:28] [DEBUG] com.project.doc5.user.UserDaoTest - ┌──────────────────────────┐
[2025-12-24 16:40:28] [DEBUG] com.project.doc5.user.UserDaoTest - │─doSelectOne()            │
[2025-12-24 16:40:28] [DEBUG] com.project.doc5.user.UserDaoTest - └──────────────────────────┘
[2025-12-24 16:40:28] [INFO ] com.zaxxer.hikari.HikariDataSource - HikariPool-1 - Shutdown initiated...
[2025-12-24 16:40:28] [INFO ] com.zaxxer.hikari.HikariDataSource - HikariPool-1 - Shutdown completed.
